[2024-10-14 01:22:44] app.INFO: Protect vendor folder in module dashactivity [] []
[2024-10-14 01:22:44] app.INFO: Module dashactivity has no vendor folder [] []
[2024-10-14 01:22:44] app.INFO: Protect vendor folder in module dashgoals [] []
[2024-10-14 01:22:44] app.INFO: Module dashgoals has no vendor folder [] []
[2024-10-14 01:22:44] app.INFO: Protect vendor folder in module dashproducts [] []
[2024-10-14 01:22:44] app.INFO: Module dashproducts has no vendor folder [] []
[2024-10-14 01:22:45] app.INFO: Protect vendor folder in module dashtrends [] []
[2024-10-14 01:22:45] app.INFO: Module dashtrends has no vendor folder [] []
[2024-10-14 01:22:46] app.INFO: Protect vendor folder in module gamification [] []
[2024-10-14 01:22:46] app.INFO: Protect vendor folder in module graphnvd3 [] []
[2024-10-14 01:22:46] app.INFO: Module graphnvd3 has no vendor folder [] []
[2024-10-14 01:22:46] app.INFO: Protect vendor folder in module gridhtml [] []
[2024-10-14 01:22:46] app.INFO: Module gridhtml has no vendor folder [] []
[2024-10-14 01:22:46] app.INFO: Protect vendor folder in module gsitemap [] []
[2024-10-14 01:22:46] app.INFO: Module gsitemap has no vendor folder [] []
[2024-10-14 01:22:46] app.INFO: Protect vendor folder in module klaviyopsautomation [] []
[2024-10-14 01:22:46] app.INFO: Protect vendor folder in module pagesnotfound [] []
[2024-10-14 01:22:46] app.INFO: Module pagesnotfound has no vendor folder [] []
[2024-10-14 01:22:47] app.INFO: Protect vendor folder in module psshipping [] []
[2024-10-14 01:22:47] app.ERROR: Cannot register tab "CarrierController" because it already exists [] []
[2024-10-14 01:22:47] app.ERROR: Cannot register tab "CarrierController" because it already exists [] []
[2024-10-14 01:22:47] app.ERROR: Cannot register tab "CarrierController" because it already exists [] []
[2024-10-14 01:22:47] app.ERROR: Cannot register tab "ConfigurationController" because it already exists [] []
[2024-10-14 01:22:47] app.ERROR: Cannot register tab "OrdersController" because it already exists [] []
[2024-10-14 01:22:47] app.ERROR: Cannot register tab "OrdersController" because it already exists [] []
[2024-10-14 01:22:47] app.ERROR: Cannot register tab "OrdersController" because it already exists [] []
[2024-10-14 01:22:47] app.ERROR: Cannot register tab "ConfigurationController" because it already exists [] []
[2024-10-14 01:22:47] app.ERROR: Cannot register tab "ConfigurationController" because it already exists [] []
[2024-10-14 01:22:47] app.ERROR: Cannot register tab "ConfigurationController" because it already exists [] []
[2024-10-14 01:22:48] app.ERROR: Cannot register tab "ConfigurationController" because it already exists [] []
[2024-10-14 01:22:48] app.ERROR: Cannot register tab "ConfigurationController" because it already exists [] []
[2024-10-14 01:22:48] app.ERROR: Cannot register tab "ConfigurationController" because it already exists [] []
[2024-10-14 01:22:48] app.ERROR: Cannot register tab "ConfigurationController" because it already exists [] []
[2024-10-14 01:22:48] app.ERROR: Cannot register tab "KeycloakAuthController" because it already exists [] []
[2024-10-14 01:22:48] app.INFO: Protect vendor folder in module psxdesign [] []
[2024-10-14 01:22:49] app.INFO: Protect vendor folder in module psxmarketingwithgoogle [] []
[2024-10-14 01:22:49] app.INFO: Protect vendor folder in module ps_accounts [] []
[2024-10-14 01:22:49] app.INFO: Protect vendor folder in module ps_brandlist [] []
[2024-10-14 01:22:49] app.INFO: Module ps_brandlist has no vendor folder [] []
[2024-10-14 01:22:49] app.INFO: Protect vendor folder in module ps_cashondelivery [] []
[2024-10-14 01:22:49] app.INFO: Module ps_cashondelivery has no vendor folder [] []
[2024-10-14 01:22:49] app.INFO: Protect vendor folder in module ps_categoryproducts [] []
[2024-10-14 01:22:49] app.INFO: Module ps_categoryproducts has no vendor folder [] []
[2024-10-14 01:22:50] app.INFO: Protect vendor folder in module ps_checkout [] []
[2024-10-14 01:22:50] app.INFO: Protect vendor folder in module ps_checkpayment [] []
[2024-10-14 01:22:50] app.INFO: Module ps_checkpayment has no vendor folder [] []
[2024-10-14 01:22:50] app.INFO: Protect vendor folder in module ps_crossselling [] []
[2024-10-14 01:22:50] app.INFO: Module ps_crossselling has no vendor folder [] []
[2024-10-14 01:22:51] app.INFO: Protect vendor folder in module ps_dataprivacy [] []
[2024-10-14 01:22:51] app.INFO: Module ps_dataprivacy has no vendor folder [] []
[2024-10-14 01:22:51] app.INFO: Protect vendor folder in module ps_distributionapiclient [] []
[2024-10-14 01:22:51] app.INFO: Module ps_distributionapiclient has no vendor folder [] []
[2024-10-14 01:22:51] app.INFO: Protect vendor folder in module ps_edition_basic [] []
[2024-10-14 01:22:51] app.INFO: Protect vendor folder in module ps_emailalerts [] []
[2024-10-14 01:22:51] app.INFO: Module ps_emailalerts has no vendor folder [] []
[2024-10-14 01:22:52] app.INFO: Protect vendor folder in module ps_eventbus [] []
[2024-10-14 01:22:52] app.INFO: Protect vendor folder in module ps_facebook [] []
[2024-10-14 01:22:52] app.INFO: Protect vendor folder in module ps_faviconnotificationbo [] []
[2024-10-14 01:22:52] app.INFO: Module ps_faviconnotificationbo has no vendor folder [] []
[2024-10-14 01:22:52] app.INFO: Protect vendor folder in module ps_googleanalytics [] []
[2024-10-14 01:22:52] app.INFO: Module ps_googleanalytics has no vendor folder [] []
[2024-10-14 01:22:53] app.INFO: Protect vendor folder in module ps_mbo [] []
[2024-10-14 01:22:54] app.INFO: Protect vendor folder in module ps_metrics [] []
[2024-10-14 01:22:54] app.INFO: Protect vendor folder in module ps_supplierlist [] []
[2024-10-14 01:22:54] app.INFO: Module ps_supplierlist has no vendor folder [] []
[2024-10-14 01:22:54] app.INFO: Protect vendor folder in module ps_themecusto [] []
[2024-10-14 01:22:54] app.INFO: Module ps_themecusto has no vendor folder [] []
[2024-10-14 01:22:54] app.INFO: Protect vendor folder in module ps_viewedproduct [] []
[2024-10-14 01:22:54] app.INFO: Module ps_viewedproduct has no vendor folder [] []
[2024-10-14 01:22:54] app.INFO: Protect vendor folder in module ps_wirepayment [] []
[2024-10-14 01:22:54] app.INFO: Module ps_wirepayment has no vendor folder [] []
[2024-10-14 01:22:54] app.INFO: Protect vendor folder in module statsbestcategories [] []
[2024-10-14 01:22:54] app.INFO: Module statsbestcategories has no vendor folder [] []
[2024-10-14 01:22:54] app.INFO: Protect vendor folder in module statsbestcustomers [] []
[2024-10-14 01:22:54] app.INFO: Module statsbestcustomers has no vendor folder [] []
[2024-10-14 01:22:54] app.INFO: Protect vendor folder in module statsbestmanufacturers [] []
[2024-10-14 01:22:55] app.INFO: Module statsbestmanufacturers has no vendor folder [] []
[2024-10-14 01:22:55] app.INFO: Protect vendor folder in module statsbestproducts [] []
[2024-10-14 01:22:55] app.INFO: Module statsbestproducts has no vendor folder [] []
[2024-10-14 01:22:55] app.INFO: Protect vendor folder in module statsbestsuppliers [] []
[2024-10-14 01:22:55] app.INFO: Module statsbestsuppliers has no vendor folder [] []
[2024-10-14 01:22:55] app.INFO: Protect vendor folder in module statsbestvouchers [] []
[2024-10-14 01:22:55] app.INFO: Module statsbestvouchers has no vendor folder [] []
[2024-10-14 01:22:55] app.INFO: Protect vendor folder in module statscarrier [] []
[2024-10-14 01:22:55] app.INFO: Module statscarrier has no vendor folder [] []
[2024-10-14 01:22:55] app.INFO: Protect vendor folder in module statscatalog [] []
[2024-10-14 01:22:55] app.INFO: Module statscatalog has no vendor folder [] []
[2024-10-14 01:22:55] app.INFO: Protect vendor folder in module statscheckup [] []
[2024-10-14 01:22:55] app.INFO: Module statscheckup has no vendor folder [] []
[2024-10-14 01:22:55] app.INFO: Protect vendor folder in module statsdata [] []
[2024-10-14 01:22:55] app.INFO: Module statsdata has no vendor folder [] []
[2024-10-14 01:22:55] app.INFO: Protect vendor folder in module statsforecast [] []
[2024-10-14 01:22:55] app.INFO: Module statsforecast has no vendor folder [] []
[2024-10-14 01:22:55] app.INFO: Protect vendor folder in module statsnewsletter [] []
[2024-10-14 01:22:55] app.INFO: Module statsnewsletter has no vendor folder [] []
[2024-10-14 01:22:55] app.INFO: Protect vendor folder in module statspersonalinfos [] []
[2024-10-14 01:22:55] app.INFO: Module statspersonalinfos has no vendor folder [] []
[2024-10-14 01:22:55] app.INFO: Protect vendor folder in module statsproduct [] []
[2024-10-14 01:22:55] app.INFO: Module statsproduct has no vendor folder [] []
[2024-10-14 01:22:55] app.INFO: Protect vendor folder in module statsregistrations [] []
[2024-10-14 01:22:55] app.INFO: Module statsregistrations has no vendor folder [] []
[2024-10-14 01:22:56] app.INFO: Protect vendor folder in module statssales [] []
[2024-10-14 01:22:56] app.INFO: Module statssales has no vendor folder [] []
[2024-10-14 01:22:56] app.INFO: Protect vendor folder in module statssearch [] []
[2024-10-14 01:22:56] app.INFO: Module statssearch has no vendor folder [] []
[2024-10-14 01:22:56] app.INFO: Protect vendor folder in module statsstock [] []
[2024-10-14 01:22:56] app.INFO: Module statsstock has no vendor folder [] []
[2024-10-14 01:45:16] request.CRITICAL: Uncaught PHP Exception Symfony\Component\Filesystem\Exception\IOException: "Cannot rename "C:\PrestashopXAMPP\htdocs\prestashop\var\cache\prod\Url3CBC.tmp" to "C:\PrestashopXAMPP\htdocs\prestashop\var\cache\prod/UrlMatcher.php"." at C:\PrestashopXAMPP\htdocs\prestashop\vendor\symfony\symfony\src\Symfony\Component\Filesystem\Filesystem.php line 290 {"exception":"[object] (Symfony\\Component\\Filesystem\\Exception\\IOException(code: 0): Cannot rename \"C:\\PrestashopXAMPP\\htdocs\\prestashop\\var\\cache\\prod\\Url3CBC.tmp\" to \"C:\\PrestashopXAMPP\\htdocs\\prestashop\\var\\cache\\prod/UrlMatcher.php\". at C:\\PrestashopXAMPP\\htdocs\\prestashop\\vendor\\symfony\\symfony\\src\\Symfony\\Component\\Filesystem\\Filesystem.php:290)"} []
[2024-10-14 01:47:57] request.CRITICAL: Uncaught PHP Exception Symfony\Component\Filesystem\Exception\IOException: "Cannot rename "C:\PrestashopXAMPP\htdocs\prestashop\var\cache\prod\UrlBE82.tmp" to "C:\PrestashopXAMPP\htdocs\prestashop\var\cache\prod/UrlMatcher.php"." at C:\PrestashopXAMPP\htdocs\prestashop\vendor\symfony\symfony\src\Symfony\Component\Filesystem\Filesystem.php line 290 {"exception":"[object] (Symfony\\Component\\Filesystem\\Exception\\IOException(code: 0): Cannot rename \"C:\\PrestashopXAMPP\\htdocs\\prestashop\\var\\cache\\prod\\UrlBE82.tmp\" to \"C:\\PrestashopXAMPP\\htdocs\\prestashop\\var\\cache\\prod/UrlMatcher.php\". at C:\\PrestashopXAMPP\\htdocs\\prestashop\\vendor\\symfony\\symfony\\src\\Symfony\\Component\\Filesystem\\Filesystem.php:290)"} []
